<?xml version="1.0" encoding="UTF-8"?>
<!-- Generated by org.testng.reporters.JUnitReportReporter -->
<testsuite hostname="DESKTOP-SO0OTG0" failures="0" tests="7" name="com.sgtesting.assignments.CreateUserScenario" time="27.152" errors="0" timestamp="2022-07-29T11:46:27 IST" skipped="0">
  <testcase classname="com.sgtesting.assignments.CreateUserScenario" name="launchbrowser" time="17.576"/>
  <system-out/>
  <testcase classname="com.sgtesting.assignments.CreateUserScenario" name="navigate" time="3.342"/>
  <system-out/>
  <testcase classname="com.sgtesting.assignments.CreateUserScenario" name="minimizeflyoutwindow" time="0.067"/>
  <system-out/>
  <testcase classname="com.sgtesting.assignments.CreateUserScenario" name="login" time="4.736"/>
  <system-out/>
  <testcase classname="com.sgtesting.assignments.CreateUserScenario" name="createuser" time="1.134"/>
  <system-out/>
  <testcase classname="com.sgtesting.assignments.CreateUserScenario" name="deleteuser" time="0.042"/>
  <system-out/>
  <testcase classname="com.sgtesting.assignments.CreateUserScenario" name="closeApplicatin" time="0.255"/>
  <system-out/>
</testsuite> <!-- com.sgtesting.assignments.CreateUserScenario -->
