<?xml version="1.0" encoding="UTF-8"?>
<!-- Generated by org.testng.reporters.JUnitReportReporter -->
<testsuite hostname="DESKTOP-SO0OTG0" failures="0" tests="11" name="com.sgtesting.assignments.ModifyProject" time="15.117" errors="0" timestamp="2022-07-29T10:35:23 IST" skipped="0">
  <testcase classname="com.sgtesting.assignments.ModifyProject" name="launchBrowser" time="4.622"/>
  <system-out/>
  <testcase classname="com.sgtesting.assignments.ModifyProject" name="navigate" time="4.384"/>
  <system-out/>
  <testcase classname="com.sgtesting.assignments.ModifyProject" name="minimizeflyoutwindow" time="0.079"/>
  <system-out/>
  <testcase classname="com.sgtesting.assignments.ModifyProject" name="login" time="5.465"/>
  <system-out/>
  <testcase classname="com.sgtesting.assignments.ModifyProject" name="createcustomer" time="0.042"/>
  <system-out/>
  <testcase classname="com.sgtesting.assignments.ModifyProject" name="createproject" time="0.037"/>
  <system-out/>
  <testcase classname="com.sgtesting.assignments.ModifyProject" name="modifyproject" time="0.043"/>
  <system-out/>
  <testcase classname="com.sgtesting.assignments.ModifyProject" name="deleteproject" time="0.046"/>
  <system-out/>
  <testcase classname="com.sgtesting.assignments.ModifyProject" name="deletecustomer" time="0.048"/>
  <system-out/>
  <testcase classname="com.sgtesting.assignments.ModifyProject" name="logout" time="0.099"/>
  <system-out/>
  <testcase classname="com.sgtesting.assignments.ModifyProject" name="closeApplicatin" time="0.252"/>
  <system-out/>
</testsuite> <!-- com.sgtesting.assignments.ModifyProject -->
