<?xml version="1.0" encoding="UTF-8"?>
<!-- Generated by org.testng.reporters.JUnitReportReporter -->
<testsuite hostname="DESKTOP-SO0OTG0" failures="0" tests="10" name="com.sgtesting.assignments.CreateProjectParameterize" time="49.265" errors="0" timestamp="2022-07-31T13:55:28 IST" skipped="0">
  <testcase classname="com.sgtesting.assignments.CreateProjectParameterize" name="launchBrowser" time="9.815"/>
  <system-out/>
  <testcase classname="com.sgtesting.assignments.CreateProjectParameterize" name="navigate" time="4.562"/>
  <system-out/>
  <testcase classname="com.sgtesting.assignments.CreateProjectParameterize" name="login" time="8.148"/>
  <system-out/>
  <testcase classname="com.sgtesting.assignments.CreateProjectParameterize" name="minimizFlyoutWindow" time="2.203"/>
  <system-out/>
  <testcase classname="com.sgtesting.assignments.CreateProjectParameterize" name="createcustomer" time="8.245"/>
  <system-out/>
  <testcase classname="com.sgtesting.assignments.CreateProjectParameterize" name="createproject" time="4.853"/>
  <system-out/>
  <testcase classname="com.sgtesting.assignments.CreateProjectParameterize" name="deletecustomer" time="4.864"/>
  <system-out/>
  <testcase classname="com.sgtesting.assignments.CreateProjectParameterize" name="deleteproject" time="0.077"/>
  <system-out/>
  <testcase classname="com.sgtesting.assignments.CreateProjectParameterize" name="Logout" time="2.387"/>
  <system-out/>
  <testcase classname="com.sgtesting.assignments.CreateProjectParameterize" name="CloseApplication" time="4.111"/>
  <system-out/>
</testsuite> <!-- com.sgtesting.assignments.CreateProjectParameterize -->
