<?xml version="1.0" encoding="UTF-8"?>
<!-- Generated by org.testng.reporters.JUnitReportReporter -->
<testsuite hostname="DESKTOP-SO0OTG0" failures="0" tests="12" name="com.sgtesting.assignments.CreateTask" time="12.194" errors="0" timestamp="2022-07-29T10:35:23 IST" skipped="0">
  <testcase classname="com.sgtesting.assignments.CreateTask" name="launchBrowser" time="2.616"/>
  <system-out/>
  <testcase classname="com.sgtesting.assignments.CreateTask" name="navigate" time="3.578"/>
  <system-out/>
  <testcase classname="com.sgtesting.assignments.CreateTask" name="minimizeflyoutwindow" time="0.059"/>
  <system-out/>
  <testcase classname="com.sgtesting.assignments.CreateTask" name="login" time="4.569"/>
  <system-out/>
  <testcase classname="com.sgtesting.assignments.CreateTask" name="createcustomer" time="0.071"/>
  <system-out/>
  <testcase classname="com.sgtesting.assignments.CreateTask" name="createproject" time="0.038"/>
  <system-out/>
  <testcase classname="com.sgtesting.assignments.CreateTask" name="createtask" time="0.106"/>
  <system-out/>
  <testcase classname="com.sgtesting.assignments.CreateTask" name="deletetask" time="0.117"/>
  <system-out/>
  <testcase classname="com.sgtesting.assignments.CreateTask" name="deleteproject" time="0.119"/>
  <system-out/>
  <testcase classname="com.sgtesting.assignments.CreateTask" name="deletecustomer" time="0.050"/>
  <system-out/>
  <testcase classname="com.sgtesting.assignments.CreateTask" name="logout" time="0.092"/>
  <system-out/>
  <testcase classname="com.sgtesting.assignments.CreateTask" name="closeApplicatin" time="0.779"/>
  <system-out/>
</testsuite> <!-- com.sgtesting.assignments.CreateTask -->
