<?xml version="1.0" encoding="UTF-8"?>
<!-- Generated by org.testng.reporters.JUnitReportReporter -->
<testsuite hostname="DESKTOP-SO0OTG0" failures="0" tests="11" name="com.sgtesting.assignments.ModifyProjectParameterize" time="44.535" errors="0" timestamp="2022-07-31T14:26:08 IST" skipped="0">
  <testcase classname="com.sgtesting.assignments.ModifyProjectParameterize" name="launchBrowser" time="7.944"/>
  <system-out/>
  <testcase classname="com.sgtesting.assignments.ModifyProjectParameterize" name="navigate" time="3.956"/>
  <system-out/>
  <testcase classname="com.sgtesting.assignments.ModifyProjectParameterize" name="login" time="3.909"/>
  <system-out/>
  <testcase classname="com.sgtesting.assignments.ModifyProjectParameterize" name="minimizFlyoutWindow" time="2.528"/>
  <system-out/>
  <testcase classname="com.sgtesting.assignments.ModifyProjectParameterize" name="createcustomer" time="8.325"/>
  <system-out/>
  <testcase classname="com.sgtesting.assignments.ModifyProjectParameterize" name="createproject" time="5.044"/>
  <system-out/>
  <testcase classname="com.sgtesting.assignments.ModifyProjectParameterize" name="modifyproject" time="0.110"/>
  <system-out/>
  <testcase classname="com.sgtesting.assignments.ModifyProjectParameterize" name="deleteproject" time="4.733"/>
  <system-out/>
  <testcase classname="com.sgtesting.assignments.ModifyProjectParameterize" name="deletecustomer" time="4.752"/>
  <system-out/>
  <testcase classname="com.sgtesting.assignments.ModifyProjectParameterize" name="Logout" time="2.542"/>
  <system-out/>
  <testcase classname="com.sgtesting.assignments.ModifyProjectParameterize" name="CloseApplication" time="0.692"/>
  <system-out/>
</testsuite> <!-- com.sgtesting.assignments.ModifyProjectParameterize -->
