<?xml version="1.0" encoding="UTF-8"?>
<!-- Generated by org.testng.reporters.JUnitReportReporter -->
<testsuite hostname="DESKTOP-SO0OTG0" failures="0" tests="7" name="com.sgtesting.simplescenario.CreateUserScenario" time="25.859" errors="0" timestamp="2022-07-29T13:01:06 IST" skipped="0">
  <testcase classname="com.sgtesting.simplescenario.CreateUserScenario" name="launchbrowser" time="13.601"/>
  <system-out/>
  <testcase classname="com.sgtesting.simplescenario.CreateUserScenario" name="navigate" time="5.023"/>
  <system-out/>
  <testcase classname="com.sgtesting.simplescenario.CreateUserScenario" name="minimizeflyoutwindow" time="0.076"/>
  <system-out/>
  <testcase classname="com.sgtesting.simplescenario.CreateUserScenario" name="login" time="5.727"/>
  <system-out/>
  <testcase classname="com.sgtesting.simplescenario.CreateUserScenario" name="createuser" time="1.107"/>
  <system-out/>
  <testcase classname="com.sgtesting.simplescenario.CreateUserScenario" name="deleteuser" time="0.034"/>
  <system-out/>
  <testcase classname="com.sgtesting.simplescenario.CreateUserScenario" name="closeApplicatin" time="0.291"/>
  <system-out/>
</testsuite> <!-- com.sgtesting.simplescenario.CreateUserScenario -->
