<?xml version="1.0" encoding="UTF-8"?>
<!-- Generated by org.testng.reporters.JUnitReportReporter -->
<testsuite hostname="DESKTOP-SO0OTG0" failures="0" tests="8" name="com.sgtesting.assignments.CreateUserParameterDemo1" time="81.960" errors="0" timestamp="2022-08-05T10:08:01 IST" skipped="0">
  <testcase classname="com.sgtesting.assignments.CreateUserParameterDemo1" name="launchBrowser" time="38.806"/>
  <system-out/>
  <testcase classname="com.sgtesting.assignments.CreateUserParameterDemo1" name="navigate" time="7.363"/>
  <system-out/>
  <testcase classname="com.sgtesting.assignments.CreateUserParameterDemo1" name="login" time="5.070"/>
  <system-out/>
  <testcase classname="com.sgtesting.assignments.CreateUserParameterDemo1" name="minimizFlyoutWindow" time="3.757"/>
  <system-out/>
  <testcase classname="com.sgtesting.assignments.CreateUserParameterDemo1" name="createUser" time="14.271"/>
  <system-out/>
  <testcase classname="com.sgtesting.assignments.CreateUserParameterDemo1" name="deleteUser" time="7.236"/>
  <system-out/>
  <testcase classname="com.sgtesting.assignments.CreateUserParameterDemo1" name="Logout" time="2.565"/>
  <system-out/>
  <testcase classname="com.sgtesting.assignments.CreateUserParameterDemo1" name="CloseApplication" time="2.892"/>
  <system-out/>
</testsuite> <!-- com.sgtesting.assignments.CreateUserParameterDemo1 -->
