<?xml version="1.0" encoding="UTF-8"?>
<!-- Generated by org.testng.reporters.JUnitReportReporter -->
<testsuite hostname="DESKTOP-SO0OTG0" failures="0" tests="12" name="com.sgtesting.assignments.CreateTaskParameterize" time="57.523" errors="0" timestamp="2022-07-31T17:00:35 IST" skipped="0">
  <testcase classname="com.sgtesting.assignments.CreateTaskParameterize" name="launchBrowser" time="12.814"/>
  <system-out/>
  <testcase classname="com.sgtesting.assignments.CreateTaskParameterize" name="navigate" time="3.668"/>
  <system-out/>
  <testcase classname="com.sgtesting.assignments.CreateTaskParameterize" name="login" time="3.550"/>
  <system-out/>
  <testcase classname="com.sgtesting.assignments.CreateTaskParameterize" name="minimizFlyoutWindow" time="2.252"/>
  <system-out/>
  <testcase classname="com.sgtesting.assignments.CreateTaskParameterize" name="createcustomer" time="9.528"/>
  <system-out/>
  <testcase classname="com.sgtesting.assignments.CreateTaskParameterize" name="createproject" time="4.993"/>
  <system-out/>
  <testcase classname="com.sgtesting.assignments.CreateTaskParameterize" name="createTask" time="6.829"/>
  <system-out/>
  <testcase classname="com.sgtesting.assignments.CreateTaskParameterize" name="DeleteTask" time="0.430"/>
  <system-out/>
  <testcase classname="com.sgtesting.assignments.CreateTaskParameterize" name="deleteproject" time="4.819"/>
  <system-out/>
  <testcase classname="com.sgtesting.assignments.CreateTaskParameterize" name="deletecustomer" time="4.767"/>
  <system-out/>
  <testcase classname="com.sgtesting.assignments.CreateTaskParameterize" name="Logout" time="2.500"/>
  <system-out/>
  <testcase classname="com.sgtesting.assignments.CreateTaskParameterize" name="CloseApplication" time="1.373"/>
  <system-out/>
</testsuite> <!-- com.sgtesting.assignments.CreateTaskParameterize -->
