<?xml version="1.0" encoding="UTF-8"?>
<!-- Generated by org.testng.reporters.JUnitReportReporter -->
<testsuite hostname="DESKTOP-SO0OTG0" failures="0" tests="9" name="com.sgtesting.assignments.ModifyCustomer" time="64.166" errors="0" timestamp="2022-07-30T19:33:40 IST" skipped="0">
  <testcase classname="com.sgtesting.assignments.ModifyCustomer" name="launchbrowser" time="9.264"/>
  <system-out/>
  <testcase classname="com.sgtesting.assignments.ModifyCustomer" name="navigate" time="4.905"/>
  <system-out/>
  <testcase classname="com.sgtesting.assignments.ModifyCustomer" name="login" time="5.423"/>
  <system-out/>
  <testcase classname="com.sgtesting.assignments.ModifyCustomer" name="minimizeflyoutwindow" time="8.030"/>
  <system-out/>
  <testcase classname="com.sgtesting.assignments.ModifyCustomer" name="createcustomer" time="17.819"/>
  <system-out/>
  <testcase classname="com.sgtesting.assignments.ModifyCustomer" name="modifycustomer" time="9.652"/>
  <system-out/>
  <testcase classname="com.sgtesting.assignments.ModifyCustomer" name="deletecustomer" time="3.226"/>
  <system-out/>
  <testcase classname="com.sgtesting.assignments.ModifyCustomer" name="logout" time="4.291"/>
  <system-out/>
  <testcase classname="com.sgtesting.assignments.ModifyCustomer" name="closeApplicatin" time="1.556"/>
  <system-out/>
</testsuite> <!-- com.sgtesting.assignments.ModifyCustomer -->
