<?xml version="1.0" encoding="UTF-8"?>
<!-- Generated by org.testng.reporters.JUnitReportReporter -->
<testsuite hostname="DESKTOP-SO0OTG0" failures="0" tests="8" name="com.sgtesting.assignments.CreateCustomer" time="70.227" errors="0" timestamp="2022-07-29T10:35:23 IST" skipped="0">
  <testcase classname="com.sgtesting.assignments.CreateCustomer" name="launchbrowser" time="5.477"/>
  <system-out/>
  <testcase classname="com.sgtesting.assignments.CreateCustomer" name="navigate" time="3.644"/>
  <system-out/>
  <testcase classname="com.sgtesting.assignments.CreateCustomer" name="minimizeflyoutwindow" time="12.199"/>
  <system-out/>
  <testcase classname="com.sgtesting.assignments.CreateCustomer" name="login" time="12.170"/>
  <system-out/>
  <testcase classname="com.sgtesting.assignments.CreateCustomer" name="createcustomer" time="12.166"/>
  <system-out/>
  <testcase classname="com.sgtesting.assignments.CreateCustomer" name="deletecustomer" time="12.208"/>
  <system-out/>
  <testcase classname="com.sgtesting.assignments.CreateCustomer" name="logout" time="12.156"/>
  <system-out/>
  <testcase classname="com.sgtesting.assignments.CreateCustomer" name="closeApplicatin" time="0.207"/>
  <system-out/>
</testsuite> <!-- com.sgtesting.assignments.CreateCustomer -->
