<?xml version="1.0" encoding="UTF-8"?>
<!-- Generated by org.testng.reporters.JUnitReportReporter -->
<testsuite hostname="DESKTOP-SO0OTG0" failures="0" tests="9" name="com.sgtesting.assignments.ModifyUser" time="49.147" errors="0" timestamp="2022-07-31T09:42:06 IST" skipped="0">
  <testcase classname="com.sgtesting.assignments.ModifyUser" name="launchBrowser" time="10.348"/>
  <system-out/>
  <testcase classname="com.sgtesting.assignments.ModifyUser" name="navigate" time="4.725"/>
  <system-out/>
  <testcase classname="com.sgtesting.assignments.ModifyUser" name="login" time="3.120"/>
  <system-out/>
  <testcase classname="com.sgtesting.assignments.ModifyUser" name="minimizFlyoutWindow" time="2.930"/>
  <system-out/>
  <testcase classname="com.sgtesting.assignments.ModifyUser" name="createUser" time="10.749"/>
  <system-out/>
  <testcase classname="com.sgtesting.assignments.ModifyUser" name="ModifyUser1" time="7.817"/>
  <system-out/>
  <testcase classname="com.sgtesting.assignments.ModifyUser" name="deleteUser" time="6.404"/>
  <system-out/>
  <testcase classname="com.sgtesting.assignments.ModifyUser" name="Logout" time="2.409"/>
  <system-out/>
  <testcase classname="com.sgtesting.assignments.ModifyUser" name="CloseApplication" time="0.645"/>
  <system-out/>
</testsuite> <!-- com.sgtesting.assignments.ModifyUser -->
