<?xml version="1.0" encoding="UTF-8"?>
<!-- Generated by org.testng.reporters.JUnitReportReporter -->
<testsuite hostname="DESKTOP-SO0OTG0" failures="0" tests="8" name="com.sgtesting.assignments.CreateModifyUser" time="12.993" errors="0" timestamp="2022-07-29T10:35:23 IST" skipped="0">
  <testcase classname="com.sgtesting.assignments.CreateModifyUser" name="launchbrowser" time="4.523"/>
  <system-out/>
  <testcase classname="com.sgtesting.assignments.CreateModifyUser" name="navigate" time="3.515"/>
  <system-out/>
  <testcase classname="com.sgtesting.assignments.CreateModifyUser" name="login" time="3.429"/>
  <system-out/>
  <testcase classname="com.sgtesting.assignments.CreateModifyUser" name="minimizeflyoutwindow" time="0.125"/>
  <system-out/>
  <testcase classname="com.sgtesting.assignments.CreateModifyUser" name="createuser" time="0.350"/>
  <system-out/>
  <testcase classname="com.sgtesting.assignments.CreateModifyUser" name="modifyuser" time="0.283"/>
  <system-out/>
  <testcase classname="com.sgtesting.assignments.CreateModifyUser" name="deleteuser" time="0.084"/>
  <system-out/>
  <testcase classname="com.sgtesting.assignments.CreateModifyUser" name="closeApplicatin" time="0.684"/>
  <system-out/>
</testsuite> <!-- com.sgtesting.assignments.CreateModifyUser -->
