<?xml version="1.0" encoding="UTF-8"?>
<!-- Generated by org.testng.reporters.JUnitReportReporter -->
<testsuite hostname="DESKTOP-SO0OTG0" failures="0" tests="8" name="com.sgtesting.assignments.CreateCustomerParameterize" time="40.379" errors="0" timestamp="2022-07-31T10:10:59 IST" skipped="0">
  <testcase classname="com.sgtesting.assignments.CreateCustomerParameterize" name="launchBrowser" time="13.860"/>
  <system-out/>
  <testcase classname="com.sgtesting.assignments.CreateCustomerParameterize" name="navigate" time="3.777"/>
  <system-out/>
  <testcase classname="com.sgtesting.assignments.CreateCustomerParameterize" name="login" time="3.555"/>
  <system-out/>
  <testcase classname="com.sgtesting.assignments.CreateCustomerParameterize" name="minimizFlyoutWindow" time="2.112"/>
  <system-out/>
  <testcase classname="com.sgtesting.assignments.CreateCustomerParameterize" name="createcustomer" time="7.861"/>
  <system-out/>
  <testcase classname="com.sgtesting.assignments.CreateCustomerParameterize" name="deletecustomer" time="4.581"/>
  <system-out/>
  <testcase classname="com.sgtesting.assignments.CreateCustomerParameterize" name="Logout" time="2.463"/>
  <system-out/>
  <testcase classname="com.sgtesting.assignments.CreateCustomerParameterize" name="CloseApplication" time="2.170"/>
  <system-out/>
</testsuite> <!-- com.sgtesting.assignments.CreateCustomerParameterize -->
