<?xml version="1.0" encoding="UTF-8"?>
<!-- Generated by org.testng.reporters.JUnitReportReporter -->
<testsuite hostname="DESKTOP-SO0OTG0" failures="0" tests="10" name="com.sgtesting.assignments.CopyProject" time="15.232" errors="0" timestamp="2022-07-29T10:35:23 IST" skipped="0">
  <testcase classname="com.sgtesting.assignments.CopyProject" name="launchBrowser" time="6.649"/>
  <system-out/>
  <testcase classname="com.sgtesting.assignments.CopyProject" name="navigate" time="3.359"/>
  <system-out/>
  <testcase classname="com.sgtesting.assignments.CopyProject" name="minimizeflyoutwindow" time="0.093"/>
  <system-out/>
  <testcase classname="com.sgtesting.assignments.CopyProject" name="login" time="4.554"/>
  <system-out/>
  <testcase classname="com.sgtesting.assignments.CopyProject" name="createcustomer" time="0.049"/>
  <system-out/>
  <testcase classname="com.sgtesting.assignments.CopyProject" name="createproject" time="0.032"/>
  <system-out/>
  <testcase classname="com.sgtesting.assignments.CopyProject" name="deleteproject" time="0.050"/>
  <system-out/>
  <testcase classname="com.sgtesting.assignments.CopyProject" name="deletecustomer" time="0.047"/>
  <system-out/>
  <testcase classname="com.sgtesting.assignments.CopyProject" name="logout" time="0.074"/>
  <system-out/>
  <testcase classname="com.sgtesting.assignments.CopyProject" name="closeApplicatin" time="0.325"/>
  <system-out/>
</testsuite> <!-- com.sgtesting.assignments.CopyProject -->
