<?xml version="1.0" encoding="UTF-8"?>
<!-- Generated by org.testng.reporters.JUnitReportReporter -->
<testsuite hostname="DESKTOP-SO0OTG0" failures="0" tests="10" name="com.sgtesting.assignments.CreateProjectParameterize" time="30.793" errors="0" timestamp="2022-07-31T17:13:27 IST" skipped="0">
  <testcase classname="com.sgtesting.assignments.CreateProjectParameterize" name="launchBrowser" time="2.847"/>
  <system-out/>
  <testcase classname="com.sgtesting.assignments.CreateProjectParameterize" name="navigate" time="3.380"/>
  <system-out/>
  <testcase classname="com.sgtesting.assignments.CreateProjectParameterize" name="login" time="2.395"/>
  <system-out/>
  <testcase classname="com.sgtesting.assignments.CreateProjectParameterize" name="minimizFlyoutWindow" time="2.099"/>
  <system-out/>
  <testcase classname="com.sgtesting.assignments.CreateProjectParameterize" name="createcustomer" time="7.561"/>
  <system-out/>
  <testcase classname="com.sgtesting.assignments.CreateProjectParameterize" name="deletecustomer" time="4.562"/>
  <system-out/>
  <testcase classname="com.sgtesting.assignments.CreateProjectParameterize" name="createproject" time="4.575"/>
  <system-out/>
  <testcase classname="com.sgtesting.assignments.CreateProjectParameterize" name="deleteproject" time="0.050"/>
  <system-out/>
  <testcase classname="com.sgtesting.assignments.CreateProjectParameterize" name="Logout" time="2.759"/>
  <system-out/>
  <testcase classname="com.sgtesting.assignments.CreateProjectParameterize" name="CloseApplication" time="0.565"/>
  <system-out/>
</testsuite> <!-- com.sgtesting.assignments.CreateProjectParameterize -->
