<?xml version="1.0" encoding="UTF-8"?>
<!-- Generated by org.testng.reporters.JUnitReportReporter -->
<testsuite hostname="DESKTOP-SO0OTG0" failures="0" tests="9" name="com.sgtesting.assignments.ModifyUser" time="38.768" errors="0" timestamp="2022-07-31T17:13:27 IST" skipped="0">
  <testcase classname="com.sgtesting.assignments.ModifyUser" name="launchBrowser" time="3.149"/>
  <system-out/>
  <testcase classname="com.sgtesting.assignments.ModifyUser" name="navigate" time="3.098"/>
  <system-out/>
  <testcase classname="com.sgtesting.assignments.ModifyUser" name="login" time="2.476"/>
  <system-out/>
  <testcase classname="com.sgtesting.assignments.ModifyUser" name="minimizFlyoutWindow" time="2.094"/>
  <system-out/>
  <testcase classname="com.sgtesting.assignments.ModifyUser" name="createUser" time="10.380"/>
  <system-out/>
  <testcase classname="com.sgtesting.assignments.ModifyUser" name="ModifyUser1" time="8.139"/>
  <system-out/>
  <testcase classname="com.sgtesting.assignments.ModifyUser" name="deleteUser" time="6.362"/>
  <system-out/>
  <testcase classname="com.sgtesting.assignments.ModifyUser" name="Logout" time="2.443"/>
  <system-out/>
  <testcase classname="com.sgtesting.assignments.ModifyUser" name="CloseApplication" time="0.627"/>
  <system-out/>
</testsuite> <!-- com.sgtesting.assignments.ModifyUser -->
