<?xml version="1.0" encoding="UTF-8"?>
<!-- Generated by org.testng.reporters.JUnitReportReporter -->
<testsuite hostname="DESKTOP-SO0OTG0" failures="0" tests="9" name="com.sgtesting.assignments.ModifyCustomer" time="29.792" errors="0" timestamp="2022-07-29T13:52:36 IST" skipped="0">
  <testcase classname="com.sgtesting.assignments.ModifyCustomer" name="launchbrowser" time="4.982"/>
  <system-out/>
  <testcase classname="com.sgtesting.assignments.ModifyCustomer" name="navigate" time="4.013"/>
  <system-out/>
  <testcase classname="com.sgtesting.assignments.ModifyCustomer" name="login" time="3.613"/>
  <system-out/>
  <testcase classname="com.sgtesting.assignments.ModifyCustomer" name="minimizeflyoutwindow" time="4.401"/>
  <system-out/>
  <testcase classname="com.sgtesting.assignments.ModifyCustomer" name="createcustomer" time="8.828"/>
  <system-out/>
  <testcase classname="com.sgtesting.assignments.ModifyCustomer" name="modifycustomer" time="1.142"/>
  <system-out/>
  <testcase classname="com.sgtesting.assignments.ModifyCustomer" name="deletecustomer" time="1.193"/>
  <system-out/>
  <testcase classname="com.sgtesting.assignments.ModifyCustomer" name="logout" time="1.200"/>
  <system-out/>
  <testcase classname="com.sgtesting.assignments.ModifyCustomer" name="closeApplicatin" time="0.420"/>
  <system-out/>
</testsuite> <!-- com.sgtesting.assignments.ModifyCustomer -->
