<?xml version="1.0" encoding="UTF-8"?>
<!-- Generated by org.testng.reporters.JUnitReportReporter -->
<testsuite hostname="DESKTOP-SO0OTG0" failures="0" tests="11" name="com.sgtesting.assignments.ModifyProjectParameterize" time="35.154" errors="0" timestamp="2022-07-31T17:13:27 IST" skipped="0">
  <testcase classname="com.sgtesting.assignments.ModifyProjectParameterize" name="launchBrowser" time="2.784"/>
  <system-out/>
  <testcase classname="com.sgtesting.assignments.ModifyProjectParameterize" name="navigate" time="3.083"/>
  <system-out/>
  <testcase classname="com.sgtesting.assignments.ModifyProjectParameterize" name="login" time="2.483"/>
  <system-out/>
  <testcase classname="com.sgtesting.assignments.ModifyProjectParameterize" name="minimizFlyoutWindow" time="2.094"/>
  <system-out/>
  <testcase classname="com.sgtesting.assignments.ModifyProjectParameterize" name="createcustomer" time="7.603"/>
  <system-out/>
  <testcase classname="com.sgtesting.assignments.ModifyProjectParameterize" name="createproject" time="4.646"/>
  <system-out/>
  <testcase classname="com.sgtesting.assignments.ModifyProjectParameterize" name="deleteproject" time="4.569"/>
  <system-out/>
  <testcase classname="com.sgtesting.assignments.ModifyProjectParameterize" name="modifyproject" time="0.064"/>
  <system-out/>
  <testcase classname="com.sgtesting.assignments.ModifyProjectParameterize" name="deletecustomer" time="4.482"/>
  <system-out/>
  <testcase classname="com.sgtesting.assignments.ModifyProjectParameterize" name="Logout" time="2.447"/>
  <system-out/>
  <testcase classname="com.sgtesting.assignments.ModifyProjectParameterize" name="CloseApplication" time="0.899"/>
  <system-out/>
</testsuite> <!-- com.sgtesting.assignments.ModifyProjectParameterize -->
