<?xml version="1.0" encoding="UTF-8"?>
<!-- Generated by org.testng.reporters.JUnitReportReporter -->
<testsuite hostname="DESKTOP-SO0OTG0" failures="0" tests="8" name="com.sgtesting.assignments.CreateCustomerParameterize" time="26.340" errors="0" timestamp="2022-07-31T17:13:27 IST" skipped="0">
  <testcase classname="com.sgtesting.assignments.CreateCustomerParameterize" name="launchBrowser" time="3.087"/>
  <system-out/>
  <testcase classname="com.sgtesting.assignments.CreateCustomerParameterize" name="navigate" time="3.096"/>
  <system-out/>
  <testcase classname="com.sgtesting.assignments.CreateCustomerParameterize" name="login" time="2.464"/>
  <system-out/>
  <testcase classname="com.sgtesting.assignments.CreateCustomerParameterize" name="minimizFlyoutWindow" time="2.098"/>
  <system-out/>
  <testcase classname="com.sgtesting.assignments.CreateCustomerParameterize" name="createcustomer" time="7.602"/>
  <system-out/>
  <testcase classname="com.sgtesting.assignments.CreateCustomerParameterize" name="deletecustomer" time="4.644"/>
  <system-out/>
  <testcase classname="com.sgtesting.assignments.CreateCustomerParameterize" name="Logout" time="2.785"/>
  <system-out/>
  <testcase classname="com.sgtesting.assignments.CreateCustomerParameterize" name="CloseApplication" time="0.564"/>
  <system-out/>
</testsuite> <!-- com.sgtesting.assignments.CreateCustomerParameterize -->
