<?xml version="1.0" encoding="UTF-8"?>
<!-- Generated by org.testng.reporters.JUnitReportReporter -->
<testsuite hostname="DESKTOP-SO0OTG0" failures="0" tests="12" name="com.sgtesting.assignments.CreateTaskParameterize" time="41.786" errors="0" timestamp="2022-07-31T17:13:27 IST" skipped="0">
  <testcase classname="com.sgtesting.assignments.CreateTaskParameterize" name="launchBrowser" time="2.817"/>
  <system-out/>
  <testcase classname="com.sgtesting.assignments.CreateTaskParameterize" name="navigate" time="3.087"/>
  <system-out/>
  <testcase classname="com.sgtesting.assignments.CreateTaskParameterize" name="login" time="2.462"/>
  <system-out/>
  <testcase classname="com.sgtesting.assignments.CreateTaskParameterize" name="minimizFlyoutWindow" time="2.103"/>
  <system-out/>
  <testcase classname="com.sgtesting.assignments.CreateTaskParameterize" name="createcustomer" time="7.618"/>
  <system-out/>
  <testcase classname="com.sgtesting.assignments.CreateTaskParameterize" name="createproject" time="4.662"/>
  <system-out/>
  <testcase classname="com.sgtesting.assignments.CreateTaskParameterize" name="createTask" time="6.634"/>
  <system-out/>
  <testcase classname="com.sgtesting.assignments.CreateTaskParameterize" name="deleteproject" time="4.531"/>
  <system-out/>
  <testcase classname="com.sgtesting.assignments.CreateTaskParameterize" name="DeleteTask" time="0.248"/>
  <system-out/>
  <testcase classname="com.sgtesting.assignments.CreateTaskParameterize" name="deletecustomer" time="4.535"/>
  <system-out/>
  <testcase classname="com.sgtesting.assignments.CreateTaskParameterize" name="Logout" time="2.538"/>
  <system-out/>
  <testcase classname="com.sgtesting.assignments.CreateTaskParameterize" name="CloseApplication" time="0.551"/>
  <system-out/>
</testsuite> <!-- com.sgtesting.assignments.CreateTaskParameterize -->
