<?xml version="1.0" encoding="UTF-8"?>
<!-- Generated by org.testng.reporters.JUnitReportReporter -->
<testsuite hostname="DESKTOP-SO0OTG0" failures="0" tests="8" name="com.sgtesting.assignments.CreateUserParameterDemo1" time="44.189" errors="0" timestamp="2022-07-31T17:13:27 IST" skipped="0">
  <testcase classname="com.sgtesting.assignments.CreateUserParameterDemo1" name="launchBrowser" time="6.844"/>
  <system-out/>
  <testcase classname="com.sgtesting.assignments.CreateUserParameterDemo1" name="navigate" time="4.620"/>
  <system-out/>
  <testcase classname="com.sgtesting.assignments.CreateUserParameterDemo1" name="login" time="3.374"/>
  <system-out/>
  <testcase classname="com.sgtesting.assignments.CreateUserParameterDemo1" name="minimizFlyoutWindow" time="3.774"/>
  <system-out/>
  <testcase classname="com.sgtesting.assignments.CreateUserParameterDemo1" name="createUser" time="14.532"/>
  <system-out/>
  <testcase classname="com.sgtesting.assignments.CreateUserParameterDemo1" name="deleteUser" time="7.917"/>
  <system-out/>
  <testcase classname="com.sgtesting.assignments.CreateUserParameterDemo1" name="Logout" time="2.484"/>
  <system-out/>
  <testcase classname="com.sgtesting.assignments.CreateUserParameterDemo1" name="CloseApplication" time="0.644"/>
  <system-out/>
</testsuite> <!-- com.sgtesting.assignments.CreateUserParameterDemo1 -->
